#! /usr/bin/vvp
:ivl_version "12.0 (stable)";
:ivl_delay_selection "TYPICAL";
:vpi_time_precision - 12;
:vpi_module "/usr/lib/x86_64-linux-gnu/ivl/system.vpi";
:vpi_module "/usr/lib/x86_64-linux-gnu/ivl/vhdl_sys.vpi";
:vpi_module "/usr/lib/x86_64-linux-gnu/ivl/vhdl_textio.vpi";
:vpi_module "/usr/lib/x86_64-linux-gnu/ivl/v2005_math.vpi";
:vpi_module "/usr/lib/x86_64-linux-gnu/ivl/va_math.vpi";
:vpi_module "/usr/lib/x86_64-linux-gnu/ivl/v2009.vpi";
S_0x55675b2874c0 .scope package, "$unit" "$unit" 2 1;
 .timescale 0 0;
S_0x55675b287650 .scope module, "register" "register" 3 2;
 .timescale -9 -12;
    .port_info 0 /INPUT 1 "clk";
    .port_info 1 /INPUT 1 "rst";
    .port_info 2 /INPUT 1 "en";
    .port_info 3 /INPUT 8 "d";
    .port_info 4 /OUTPUT 8 "q";
P_0x55675b2877e0 .param/l "width" 0 3 2, +C4<00000000000000000000000000001000>;
o0x7441822f3018 .functor BUFZ 1, C4<z>; HiZ drive
v0x55675b288d20_0 .net "clk", 0 0, o0x7441822f3018;  0 drivers
o0x7441822f3048 .functor BUFZ 8, C4<zzzzzzzz>; HiZ drive
v0x55675b289400_0 .net "d", 7 0, o0x7441822f3048;  0 drivers
o0x7441822f3078 .functor BUFZ 1, C4<z>; HiZ drive
v0x55675b2cfe50_0 .net "en", 0 0, o0x7441822f3078;  0 drivers
v0x55675b2cff20_0 .var "q", 7 0;
o0x7441822f30d8 .functor BUFZ 1, C4<z>; HiZ drive
v0x55675b2d0000_0 .net "rst", 0 0, o0x7441822f30d8;  0 drivers
E_0x55675b287ef0 .event posedge, v0x55675b288d20_0;
    .scope S_0x55675b287650;
T_0 ;
    %wait E_0x55675b287ef0;
    %load/vec4 v0x55675b2d0000_0;
    %flag_set/vec4 8;
    %jmp/0xz  T_0.0, 8;
    %pushi/vec4 0, 0, 8;
    %assign/vec4 v0x55675b2cff20_0, 0;
    %jmp T_0.1;
T_0.0 ;
    %load/vec4 v0x55675b2cfe50_0;
    %flag_set/vec4 8;
    %jmp/0xz  T_0.2, 8;
    %load/vec4 v0x55675b289400_0;
    %assign/vec4 v0x55675b2cff20_0, 0;
T_0.2 ;
T_0.1 ;
    %jmp T_0;
    .thread T_0;
# The file index is used to find the file name in the following table.
:file_names 4;
    "N/A";
    "<interactive>";
    "-";
    "register.v";
