#! /usr/bin/vvp
:ivl_version "12.0 (stable)";
:ivl_delay_selection "TYPICAL";
:vpi_time_precision - 12;
:vpi_module "/usr/lib/x86_64-linux-gnu/ivl/system.vpi";
:vpi_module "/usr/lib/x86_64-linux-gnu/ivl/vhdl_sys.vpi";
:vpi_module "/usr/lib/x86_64-linux-gnu/ivl/vhdl_textio.vpi";
:vpi_module "/usr/lib/x86_64-linux-gnu/ivl/v2005_math.vpi";
:vpi_module "/usr/lib/x86_64-linux-gnu/ivl/va_math.vpi";
:vpi_module "/usr/lib/x86_64-linux-gnu/ivl/v2009.vpi";
S_0x638bfc49ccc0 .scope package, "$unit" "$unit" 2 1;
 .timescale 0 0;
S_0x638bfc49ce50 .scope module, "accumulator_tb" "accumulator_tb" 3 3;
 .timescale -9 -12;
P_0x638bfc49cfe0 .param/l "WIDTH" 0 3 5, +C4<00000000000000000000000000001000>;
v0x638bfc4b27c0_0 .var "clk", 0 0;
v0x638bfc4b2880_0 .var "data_in", 15 0;
v0x638bfc4b2950_0 .var "en", 0 0;
v0x638bfc4b2a50_0 .var "rst", 0 0;
v0x638bfc4b2b20_0 .net "sum", 15 0, v0x638bfc4b25f0_0;  1 drivers
S_0x638bfc462490 .scope module, "dut" "accumulator" 3 17, 4 3 0, S_0x638bfc49ce50;
 .timescale -9 -12;
    .port_info 0 /INPUT 1 "clk";
    .port_info 1 /INPUT 1 "rst";
    .port_info 2 /INPUT 1 "en";
    .port_info 3 /INPUT 16 "data_in";
    .port_info 4 /OUTPUT 16 "sum";
P_0x638bfc462670 .param/l "WIDTH" 0 4 4, +C4<00000000000000000000000000001000>;
v0x638bfc462770_0 .net "clk", 0 0, v0x638bfc4b27c0_0;  1 drivers
v0x638bfc4b2380_0 .net "data_in", 15 0, v0x638bfc4b2880_0;  1 drivers
v0x638bfc4b2460_0 .net "en", 0 0, v0x638bfc4b2950_0;  1 drivers
v0x638bfc4b2530_0 .net "rst", 0 0, v0x638bfc4b2a50_0;  1 drivers
v0x638bfc4b25f0_0 .var "sum", 15 0;
E_0x638bfc49bb60 .event posedge, v0x638bfc462770_0;
    .scope S_0x638bfc462490;
T_0 ;
    %wait E_0x638bfc49bb60;
    %load/vec4 v0x638bfc4b2530_0;
    %flag_set/vec4 8;
    %jmp/0xz  T_0.0, 8;
    %pushi/vec4 0, 0, 16;
    %assign/vec4 v0x638bfc4b25f0_0, 0;
    %jmp T_0.1;
T_0.0 ;
    %load/vec4 v0x638bfc4b2460_0;
    %flag_set/vec4 8;
    %jmp/0xz  T_0.2, 8;
    %load/vec4 v0x638bfc4b25f0_0;
    %load/vec4 v0x638bfc4b2380_0;
    %add;
    %assign/vec4 v0x638bfc4b25f0_0, 0;
T_0.2 ;
T_0.1 ;
    %jmp T_0;
    .thread T_0;
    .scope S_0x638bfc49ce50;
T_1 ;
    %delay 5000, 0;
    %load/vec4 v0x638bfc4b27c0_0;
    %inv;
    %store/vec4 v0x638bfc4b27c0_0, 0, 1;
    %jmp T_1;
    .thread T_1;
    .scope S_0x638bfc49ce50;
T_2 ;
    %vpi_call/w 3 28 "$dumpfile", "verification/waveform/accumulator.vcd" {0 0 0};
    %vpi_call/w 3 29 "$dumpvars", 32'sb00000000000000000000000000000000, S_0x638bfc49ce50 {0 0 0};
    %end;
    .thread T_2;
    .scope S_0x638bfc49ce50;
T_3 ;
    %pushi/vec4 0, 0, 1;
    %store/vec4 v0x638bfc4b27c0_0, 0, 1;
    %pushi/vec4 1, 0, 1;
    %store/vec4 v0x638bfc4b2a50_0, 0, 1;
    %pushi/vec4 0, 0, 1;
    %store/vec4 v0x638bfc4b2950_0, 0, 1;
    %pushi/vec4 0, 0, 16;
    %store/vec4 v0x638bfc4b2880_0, 0, 16;
    %delay 10000, 0;
    %pushi/vec4 0, 0, 1;
    %store/vec4 v0x638bfc4b2a50_0, 0, 1;
    %pushi/vec4 1, 0, 1;
    %store/vec4 v0x638bfc4b2950_0, 0, 1;
    %pushi/vec4 10, 0, 16;
    %store/vec4 v0x638bfc4b2880_0, 0, 16;
    %delay 10000, 0;
    %pushi/vec4 20, 0, 16;
    %store/vec4 v0x638bfc4b2880_0, 0, 16;
    %delay 10000, 0;
    %pushi/vec4 30, 0, 16;
    %store/vec4 v0x638bfc4b2880_0, 0, 16;
    %delay 10000, 0;
    %pushi/vec4 40, 0, 16;
    %store/vec4 v0x638bfc4b2880_0, 0, 16;
    %delay 10000, 0;
    %pushi/vec4 0, 0, 1;
    %store/vec4 v0x638bfc4b2950_0, 0, 1;
    %pushi/vec4 100, 0, 16;
    %store/vec4 v0x638bfc4b2880_0, 0, 16;
    %delay 10000, 0;
    %pushi/vec4 1, 0, 1;
    %store/vec4 v0x638bfc4b2a50_0, 0, 1;
    %delay 10000, 0;
    %vpi_call/w 3 63 "$finish" {0 0 0};
    %end;
    .thread T_3;
# The file index is used to find the file name in the following table.
:file_names 5;
    "N/A";
    "<interactive>";
    "-";
    "verification/testbench/accumulator_tb.v";
    "rtl/basic/accumulator.v";
