#! /usr/bin/vvp
:ivl_version "12.0 (stable)";
:ivl_delay_selection "TYPICAL";
:vpi_time_precision - 12;
:vpi_module "/usr/lib/x86_64-linux-gnu/ivl/system.vpi";
:vpi_module "/usr/lib/x86_64-linux-gnu/ivl/vhdl_sys.vpi";
:vpi_module "/usr/lib/x86_64-linux-gnu/ivl/vhdl_textio.vpi";
:vpi_module "/usr/lib/x86_64-linux-gnu/ivl/v2005_math.vpi";
:vpi_module "/usr/lib/x86_64-linux-gnu/ivl/va_math.vpi";
:vpi_module "/usr/lib/x86_64-linux-gnu/ivl/v2009.vpi";
S_0x5e1ee41536c0 .scope package, "$unit" "$unit" 2 1;
 .timescale 0 0;
S_0x5e1ee4153850 .scope module, "mac_tb" "mac_tb" 3 3;
 .timescale -9 -12;
P_0x5e1ee4153670 .param/l "WIDTH" 0 3 5, +C4<00000000000000000000000000001000>;
v0x5e1ee4170340_0 .var "a", 7 0;
v0x5e1ee4170470_0 .var "b", 7 0;
v0x5e1ee4170580_0 .var "clk", 0 0;
v0x5e1ee4170670_0 .var "en", 0 0;
v0x5e1ee4170760_0 .var "rst", 0 0;
v0x5e1ee41708a0_0 .net "sum", 15 0, v0x5e1ee416f150_0;  1 drivers
S_0x5e1ee4156760 .scope module, "dut" "mac" 3 19, 4 3 0, S_0x5e1ee4153850;
 .timescale -9 -12;
    .port_info 0 /INPUT 1 "clk";
    .port_info 1 /INPUT 1 "rst";
    .port_info 2 /INPUT 1 "en";
    .port_info 3 /INPUT 8 "a";
    .port_info 4 /INPUT 8 "b";
    .port_info 5 /OUTPUT 16 "sum";
P_0x5e1ee4156940 .param/l "WIDTH" 0 4 4, +C4<00000000000000000000000000001000>;
v0x5e1ee416fcf0_0 .net "a", 7 0, v0x5e1ee4170340_0;  1 drivers
v0x5e1ee416fde0_0 .net "b", 7 0, v0x5e1ee4170470_0;  1 drivers
v0x5e1ee416feb0_0 .net "clk", 0 0, v0x5e1ee4170580_0;  1 drivers
v0x5e1ee416ffb0_0 .net "en", 0 0, v0x5e1ee4170670_0;  1 drivers
v0x5e1ee4170080_0 .net "product", 15 0, L_0x5e1ee4170bb0;  1 drivers
v0x5e1ee41701c0_0 .net "rst", 0 0, v0x5e1ee4170760_0;  1 drivers
v0x5e1ee4170260_0 .net "sum", 15 0, v0x5e1ee416f150_0;  alias, 1 drivers
S_0x5e1ee4117490 .scope module, "u_accumulator" "accumulator" 4 31, 5 3 0, S_0x5e1ee4156760;
 .timescale -9 -12;
    .port_info 0 /INPUT 1 "clk";
    .port_info 1 /INPUT 1 "rst";
    .port_info 2 /INPUT 1 "en";
    .port_info 3 /INPUT 16 "data_in";
    .port_info 4 /OUTPUT 16 "sum";
P_0x5e1ee4117670 .param/l "WIDTH" 0 5 4, +C4<00000000000000000000000000001000>;
v0x5e1ee4117770_0 .net "clk", 0 0, v0x5e1ee4170580_0;  alias, 1 drivers
v0x5e1ee416eee0_0 .net "data_in", 15 0, L_0x5e1ee4170bb0;  alias, 1 drivers
v0x5e1ee416efc0_0 .net "en", 0 0, v0x5e1ee4170670_0;  alias, 1 drivers
v0x5e1ee416f090_0 .net "rst", 0 0, v0x5e1ee4170760_0;  alias, 1 drivers
v0x5e1ee416f150_0 .var "sum", 15 0;
E_0x5e1ee4151f80 .event posedge, v0x5e1ee4117770_0;
S_0x5e1ee416f320 .scope module, "u_multiplier" "multiplier" 4 21, 6 2 0, S_0x5e1ee4156760;
 .timescale -9 -12;
    .port_info 0 /INPUT 8 "a";
    .port_info 1 /INPUT 8 "b";
    .port_info 2 /OUTPUT 16 "product";
P_0x5e1ee416f520 .param/l "WIDTH" 0 6 3, +C4<00000000000000000000000000001000>;
v0x5e1ee416f610_0 .net *"_ivl_0", 15 0, L_0x5e1ee4170990;  1 drivers
L_0x73b92df26018 .functor BUFT 1, C4<00000000>, C4<0>, C4<0>, C4<0>;
v0x5e1ee416f710_0 .net *"_ivl_3", 7 0, L_0x73b92df26018;  1 drivers
v0x5e1ee416f7f0_0 .net *"_ivl_4", 15 0, L_0x5e1ee4170aa0;  1 drivers
L_0x73b92df26060 .functor BUFT 1, C4<00000000>, C4<0>, C4<0>, C4<0>;
v0x5e1ee416f8e0_0 .net *"_ivl_7", 7 0, L_0x73b92df26060;  1 drivers
v0x5e1ee416f9c0_0 .net "a", 7 0, v0x5e1ee4170340_0;  alias, 1 drivers
v0x5e1ee416faf0_0 .net "b", 7 0, v0x5e1ee4170470_0;  alias, 1 drivers
v0x5e1ee416fbd0_0 .net "product", 15 0, L_0x5e1ee4170bb0;  alias, 1 drivers
L_0x5e1ee4170990 .concat [ 8 8 0 0], v0x5e1ee4170340_0, L_0x73b92df26018;
L_0x5e1ee4170aa0 .concat [ 8 8 0 0], v0x5e1ee4170470_0, L_0x73b92df26060;
L_0x5e1ee4170bb0 .arith/mult 16, L_0x5e1ee4170990, L_0x5e1ee4170aa0;
    .scope S_0x5e1ee4117490;
T_0 ;
    %wait E_0x5e1ee4151f80;
    %load/vec4 v0x5e1ee416f090_0;
    %flag_set/vec4 8;
    %jmp/0xz  T_0.0, 8;
    %pushi/vec4 0, 0, 16;
    %assign/vec4 v0x5e1ee416f150_0, 0;
    %jmp T_0.1;
T_0.0 ;
    %load/vec4 v0x5e1ee416efc0_0;
    %flag_set/vec4 8;
    %jmp/0xz  T_0.2, 8;
    %load/vec4 v0x5e1ee416f150_0;
    %load/vec4 v0x5e1ee416eee0_0;
    %add;
    %assign/vec4 v0x5e1ee416f150_0, 0;
T_0.2 ;
T_0.1 ;
    %jmp T_0;
    .thread T_0;
    .scope S_0x5e1ee4153850;
T_1 ;
    %delay 5000, 0;
    %load/vec4 v0x5e1ee4170580_0;
    %inv;
    %store/vec4 v0x5e1ee4170580_0, 0, 1;
    %jmp T_1;
    .thread T_1;
    .scope S_0x5e1ee4153850;
T_2 ;
    %vpi_call/w 3 34 "$dumpfile", "verification/waveform/mac.vcd" {0 0 0};
    %vpi_call/w 3 35 "$dumpvars", 32'sb00000000000000000000000000000000, S_0x5e1ee4153850 {0 0 0};
    %end;
    .thread T_2;
    .scope S_0x5e1ee4153850;
T_3 ;
    %pushi/vec4 0, 0, 1;
    %store/vec4 v0x5e1ee4170580_0, 0, 1;
    %pushi/vec4 1, 0, 1;
    %store/vec4 v0x5e1ee4170760_0, 0, 1;
    %pushi/vec4 0, 0, 1;
    %store/vec4 v0x5e1ee4170670_0, 0, 1;
    %pushi/vec4 0, 0, 8;
    %store/vec4 v0x5e1ee4170340_0, 0, 8;
    %pushi/vec4 0, 0, 8;
    %store/vec4 v0x5e1ee4170470_0, 0, 8;
    %delay 10000, 0;
    %pushi/vec4 0, 0, 1;
    %store/vec4 v0x5e1ee4170760_0, 0, 1;
    %pushi/vec4 1, 0, 1;
    %store/vec4 v0x5e1ee4170670_0, 0, 1;
    %pushi/vec4 2, 0, 8;
    %store/vec4 v0x5e1ee4170340_0, 0, 8;
    %pushi/vec4 3, 0, 8;
    %store/vec4 v0x5e1ee4170470_0, 0, 8;
    %delay 10000, 0;
    %pushi/vec4 5, 0, 8;
    %store/vec4 v0x5e1ee4170340_0, 0, 8;
    %pushi/vec4 4, 0, 8;
    %store/vec4 v0x5e1ee4170470_0, 0, 8;
    %delay 10000, 0;
    %pushi/vec4 1, 0, 8;
    %store/vec4 v0x5e1ee4170340_0, 0, 8;
    %pushi/vec4 8, 0, 8;
    %store/vec4 v0x5e1ee4170470_0, 0, 8;
    %delay 10000, 0;
    %pushi/vec4 0, 0, 1;
    %store/vec4 v0x5e1ee4170670_0, 0, 1;
    %delay 10000, 0;
    %pushi/vec4 1, 0, 1;
    %store/vec4 v0x5e1ee4170760_0, 0, 1;
    %delay 10000, 0;
    %vpi_call/w 3 75 "$finish" {0 0 0};
    %end;
    .thread T_3;
# The file index is used to find the file name in the following table.
:file_names 7;
    "N/A";
    "<interactive>";
    "-";
    "verification/testbench/mac_tb.v";
    "rtl/basic/mac.v";
    "rtl/basic/accumulator.v";
    "rtl/basic/multiplier.v";
