#! /usr/bin/vvp
:ivl_version "12.0 (stable)";
:ivl_delay_selection "TYPICAL";
:vpi_time_precision - 12;
:vpi_module "/usr/lib/x86_64-linux-gnu/ivl/system.vpi";
:vpi_module "/usr/lib/x86_64-linux-gnu/ivl/vhdl_sys.vpi";
:vpi_module "/usr/lib/x86_64-linux-gnu/ivl/vhdl_textio.vpi";
:vpi_module "/usr/lib/x86_64-linux-gnu/ivl/v2005_math.vpi";
:vpi_module "/usr/lib/x86_64-linux-gnu/ivl/va_math.vpi";
:vpi_module "/usr/lib/x86_64-linux-gnu/ivl/v2009.vpi";
S_0x653b846f5670 .scope package, "$unit" "$unit" 2 1;
 .timescale 0 0;
S_0x653b846f5800 .scope module, "processing_element_tb" "processing_element_tb" 3 3;
 .timescale -9 -12;
P_0x653b846faf20 .param/l "WIDTH" 0 3 5, +C4<00000000000000000000000000001000>;
v0x653b84719110_0 .var "activation_in", 7 0;
v0x653b847191f0_0 .net "activation_out", 7 0, v0x653b847188e0_0;  1 drivers
v0x653b847192b0_0 .var "clk", 0 0;
v0x653b84719350_0 .var "en", 0 0;
v0x653b847193f0_0 .net "partial_sum", 15 0, v0x653b847175c0_0;  1 drivers
v0x653b84719490_0 .var "rst", 0 0;
v0x653b84719530_0 .var "weight_in", 7 0;
v0x653b847195d0_0 .net "weight_out", 7 0, v0x653b84718ee0_0;  1 drivers
S_0x653b846b9490 .scope module, "dut" "processing_element" 3 22, 4 3 0, S_0x653b846f5800;
 .timescale -9 -12;
    .port_info 0 /INPUT 1 "clk";
    .port_info 1 /INPUT 1 "rst";
    .port_info 2 /INPUT 1 "en";
    .port_info 3 /INPUT 8 "activation_in";
    .port_info 4 /INPUT 8 "weight_in";
    .port_info 5 /OUTPUT 8 "activation_out";
    .port_info 6 /OUTPUT 8 "weight_out";
    .port_info 7 /OUTPUT 16 "partial_sum";
P_0x653b846b9670 .param/l "WIDTH" 0 4 4, +C4<00000000000000000000000000001000>;
v0x653b847187b0_0 .net "activation_in", 7 0, v0x653b84719110_0;  1 drivers
v0x653b847188e0_0 .var "activation_out", 7 0;
v0x653b847189c0_0 .net "clk", 0 0, v0x653b847192b0_0;  1 drivers
v0x653b84718ab0_0 .net "en", 0 0, v0x653b84719350_0;  1 drivers
v0x653b84718ba0_0 .net "partial_sum", 15 0, v0x653b847175c0_0;  alias, 1 drivers
v0x653b84718ce0_0 .net "rst", 0 0, v0x653b84719490_0;  1 drivers
v0x653b84718dd0_0 .net "weight_in", 7 0, v0x653b84719530_0;  1 drivers
v0x653b84718ee0_0 .var "weight_out", 7 0;
S_0x653b846f8730 .scope module, "u_mac" "mac" 4 22, 5 3 0, S_0x653b846b9490;
 .timescale -9 -12;
    .port_info 0 /INPUT 1 "clk";
    .port_info 1 /INPUT 1 "rst";
    .port_info 2 /INPUT 1 "en";
    .port_info 3 /INPUT 8 "a";
    .port_info 4 /INPUT 8 "b";
    .port_info 5 /OUTPUT 16 "sum";
P_0x653b846f8910 .param/l "WIDTH" 0 5 4, +C4<00000000000000000000000000001000>;
v0x653b84718160_0 .net "a", 7 0, v0x653b84719110_0;  alias, 1 drivers
v0x653b84718250_0 .net "b", 7 0, v0x653b84719530_0;  alias, 1 drivers
v0x653b84718320_0 .net "clk", 0 0, v0x653b847192b0_0;  alias, 1 drivers
v0x653b84718420_0 .net "en", 0 0, v0x653b84719350_0;  alias, 1 drivers
v0x653b847184f0_0 .net "product", 15 0, L_0x653b847197f0;  1 drivers
v0x653b84718630_0 .net "rst", 0 0, v0x653b84719490_0;  alias, 1 drivers
v0x653b847186d0_0 .net "sum", 15 0, v0x653b847175c0_0;  alias, 1 drivers
S_0x653b846f89e0 .scope module, "u_accumulator" "accumulator" 5 31, 6 3 0, S_0x653b846f8730;
 .timescale -9 -12;
    .port_info 0 /INPUT 1 "clk";
    .port_info 1 /INPUT 1 "rst";
    .port_info 2 /INPUT 1 "en";
    .port_info 3 /INPUT 16 "data_in";
    .port_info 4 /OUTPUT 16 "sum";
P_0x653b846fe760 .param/l "WIDTH" 0 6 4, +C4<00000000000000000000000000001000>;
v0x653b846b9860_0 .net "clk", 0 0, v0x653b847192b0_0;  alias, 1 drivers
v0x653b84717350_0 .net "data_in", 15 0, L_0x653b847197f0;  alias, 1 drivers
v0x653b84717430_0 .net "en", 0 0, v0x653b84719350_0;  alias, 1 drivers
v0x653b84717500_0 .net "rst", 0 0, v0x653b84719490_0;  alias, 1 drivers
v0x653b847175c0_0 .var "sum", 15 0;
E_0x653b846f3f80 .event posedge, v0x653b846b9860_0;
S_0x653b84717790 .scope module, "u_multiplier" "multiplier" 5 21, 7 2 0, S_0x653b846f8730;
 .timescale -9 -12;
    .port_info 0 /INPUT 8 "a";
    .port_info 1 /INPUT 8 "b";
    .port_info 2 /OUTPUT 16 "product";
P_0x653b84717990 .param/l "WIDTH" 0 7 3, +C4<00000000000000000000000000001000>;
v0x653b84717a80_0 .net *"_ivl_0", 15 0, L_0x653b84719690;  1 drivers
L_0x75174a3b7018 .functor BUFT 1, C4<00000000>, C4<0>, C4<0>, C4<0>;
v0x653b84717b80_0 .net *"_ivl_3", 7 0, L_0x75174a3b7018;  1 drivers
v0x653b84717c60_0 .net *"_ivl_4", 15 0, L_0x653b84719730;  1 drivers
L_0x75174a3b7060 .functor BUFT 1, C4<00000000>, C4<0>, C4<0>, C4<0>;
v0x653b84717d50_0 .net *"_ivl_7", 7 0, L_0x75174a3b7060;  1 drivers
v0x653b84717e30_0 .net "a", 7 0, v0x653b84719110_0;  alias, 1 drivers
v0x653b84717f60_0 .net "b", 7 0, v0x653b84719530_0;  alias, 1 drivers
v0x653b84718040_0 .net "product", 15 0, L_0x653b847197f0;  alias, 1 drivers
L_0x653b84719690 .concat [ 8 8 0 0], v0x653b84719110_0, L_0x75174a3b7018;
L_0x653b84719730 .concat [ 8 8 0 0], v0x653b84719530_0, L_0x75174a3b7060;
L_0x653b847197f0 .arith/mult 16, L_0x653b84719690, L_0x653b84719730;
    .scope S_0x653b846f89e0;
T_0 ;
    %wait E_0x653b846f3f80;
    %load/vec4 v0x653b84717500_0;
    %flag_set/vec4 8;
    %jmp/0xz  T_0.0, 8;
    %pushi/vec4 0, 0, 16;
    %assign/vec4 v0x653b847175c0_0, 0;
    %jmp T_0.1;
T_0.0 ;
    %load/vec4 v0x653b84717430_0;
    %flag_set/vec4 8;
    %jmp/0xz  T_0.2, 8;
    %load/vec4 v0x653b847175c0_0;
    %load/vec4 v0x653b84717350_0;
    %add;
    %assign/vec4 v0x653b847175c0_0, 0;
T_0.2 ;
T_0.1 ;
    %jmp T_0;
    .thread T_0;
    .scope S_0x653b846b9490;
T_1 ;
    %wait E_0x653b846f3f80;
    %load/vec4 v0x653b84718ce0_0;
    %flag_set/vec4 8;
    %jmp/0xz  T_1.0, 8;
    %pushi/vec4 0, 0, 8;
    %assign/vec4 v0x653b847188e0_0, 0;
    %pushi/vec4 0, 0, 8;
    %assign/vec4 v0x653b84718ee0_0, 0;
    %jmp T_1.1;
T_1.0 ;
    %load/vec4 v0x653b84718ab0_0;
    %flag_set/vec4 8;
    %jmp/0xz  T_1.2, 8;
    %load/vec4 v0x653b847187b0_0;
    %assign/vec4 v0x653b847188e0_0, 0;
    %load/vec4 v0x653b84718dd0_0;
    %assign/vec4 v0x653b84718ee0_0, 0;
T_1.2 ;
T_1.1 ;
    %jmp T_1;
    .thread T_1;
    .scope S_0x653b846f5800;
T_2 ;
    %delay 5000, 0;
    %load/vec4 v0x653b847192b0_0;
    %inv;
    %store/vec4 v0x653b847192b0_0, 0, 1;
    %jmp T_2;
    .thread T_2;
    .scope S_0x653b846f5800;
T_3 ;
    %vpi_call/w 3 41 "$dumpfile", "verification/waveform/pe.vcd" {0 0 0};
    %vpi_call/w 3 42 "$dumpvars", 32'sb00000000000000000000000000000000, S_0x653b846f5800 {0 0 0};
    %end;
    .thread T_3;
    .scope S_0x653b846f5800;
T_4 ;
    %pushi/vec4 0, 0, 1;
    %store/vec4 v0x653b847192b0_0, 0, 1;
    %pushi/vec4 1, 0, 1;
    %store/vec4 v0x653b84719490_0, 0, 1;
    %pushi/vec4 0, 0, 1;
    %store/vec4 v0x653b84719350_0, 0, 1;
    %pushi/vec4 0, 0, 8;
    %store/vec4 v0x653b84719110_0, 0, 8;
    %pushi/vec4 0, 0, 8;
    %store/vec4 v0x653b84719530_0, 0, 8;
    %delay 10000, 0;
    %pushi/vec4 0, 0, 1;
    %store/vec4 v0x653b84719490_0, 0, 1;
    %pushi/vec4 1, 0, 1;
    %store/vec4 v0x653b84719350_0, 0, 1;
    %pushi/vec4 2, 0, 8;
    %store/vec4 v0x653b84719110_0, 0, 8;
    %pushi/vec4 3, 0, 8;
    %store/vec4 v0x653b84719530_0, 0, 8;
    %delay 10000, 0;
    %pushi/vec4 5, 0, 8;
    %store/vec4 v0x653b84719110_0, 0, 8;
    %pushi/vec4 4, 0, 8;
    %store/vec4 v0x653b84719530_0, 0, 8;
    %delay 10000, 0;
    %pushi/vec4 1, 0, 8;
    %store/vec4 v0x653b84719110_0, 0, 8;
    %pushi/vec4 8, 0, 8;
    %store/vec4 v0x653b84719530_0, 0, 8;
    %delay 10000, 0;
    %vpi_call/w 3 79 "$finish" {0 0 0};
    %end;
    .thread T_4;
# The file index is used to find the file name in the following table.
:file_names 8;
    "N/A";
    "<interactive>";
    "-";
    "verification/testbench/pe_tb.v";
    "rtl/basic/pe.v";
    "rtl/basic/mac.v";
    "rtl/basic/accumulator.v";
    "rtl/basic/multiplier.v";
