#! /usr/bin/vvp
:ivl_version "12.0 (stable)";
:ivl_delay_selection "TYPICAL";
:vpi_time_precision - 12;
:vpi_module "/usr/lib/x86_64-linux-gnu/ivl/system.vpi";
:vpi_module "/usr/lib/x86_64-linux-gnu/ivl/vhdl_sys.vpi";
:vpi_module "/usr/lib/x86_64-linux-gnu/ivl/vhdl_textio.vpi";
:vpi_module "/usr/lib/x86_64-linux-gnu/ivl/v2005_math.vpi";
:vpi_module "/usr/lib/x86_64-linux-gnu/ivl/va_math.vpi";
:vpi_module "/usr/lib/x86_64-linux-gnu/ivl/v2009.vpi";
S_0x5cf7709956c0 .scope package, "$unit" "$unit" 2 1;
 .timescale 0 0;
S_0x5cf770995850 .scope module, "processing_element_tb" "processing_element_tb" 3 3;
 .timescale -9 -12;
P_0x5cf770995670 .param/l "WIDTH" 0 3 5, +C4<00000000000000000000000000001000>;
v0x5cf7709c0ca0_0 .var "activation_in", 7 0;
v0x5cf7709c0d80_0 .net "activation_out", 7 0, v0x5cf7709c00d0_0;  1 drivers
v0x5cf7709c0e20_0 .var "clk", 0 0;
v0x5cf7709c0ec0_0 .var "en", 0 0;
v0x5cf7709c0f60_0 .net "partial_sum", 15 0, v0x5cf7709bede0_0;  1 drivers
v0x5cf7709c1050_0 .var "rst", 0 0;
v0x5cf7709c10f0_0 .var "valid_in", 0 0;
v0x5cf7709c1190_0 .net "valid_out", 0 0, v0x5cf7709c07c0_0;  1 drivers
v0x5cf7709c1230_0 .var "weight_in", 7 0;
v0x5cf7709c12d0_0 .net "weight_out", 7 0, v0x5cf7709c0960_0;  1 drivers
S_0x5cf770959490 .scope module, "dut" "processing_element" 3 26, 4 3 0, S_0x5cf770995850;
 .timescale -9 -12;
    .port_info 0 /INPUT 1 "clk";
    .port_info 1 /INPUT 1 "rst";
    .port_info 2 /INPUT 1 "en";
    .port_info 3 /INPUT 1 "valid_in";
    .port_info 4 /INPUT 8 "activation_in";
    .port_info 5 /INPUT 8 "weight_in";
    .port_info 6 /OUTPUT 8 "activation_out";
    .port_info 7 /OUTPUT 8 "weight_out";
    .port_info 8 /OUTPUT 1 "valid_out";
    .port_info 9 /OUTPUT 16 "partial_sum";
P_0x5cf770959670 .param/l "WIDTH" 0 4 4, +C4<00000000000000000000000000001000>;
v0x5cf7709bffd0_0 .net "activation_in", 7 0, v0x5cf7709c0ca0_0;  1 drivers
v0x5cf7709c00d0_0 .var "activation_out", 7 0;
v0x5cf7709c01b0_0 .var "activation_reg", 7 0;
v0x5cf7709c02d0_0 .net "clk", 0 0, v0x5cf7709c0e20_0;  1 drivers
v0x5cf7709c03c0_0 .net "en", 0 0, v0x5cf7709c0ec0_0;  1 drivers
v0x5cf7709c0500_0 .net "partial_sum", 15 0, v0x5cf7709bede0_0;  alias, 1 drivers
v0x5cf7709c0610_0 .net "rst", 0 0, v0x5cf7709c1050_0;  1 drivers
v0x5cf7709c0700_0 .net "valid_in", 0 0, v0x5cf7709c10f0_0;  1 drivers
v0x5cf7709c07c0_0 .var "valid_out", 0 0;
v0x5cf7709c0880_0 .net "weight_in", 7 0, v0x5cf7709c1230_0;  1 drivers
v0x5cf7709c0960_0 .var "weight_out", 7 0;
v0x5cf7709c0a40_0 .var "weight_reg", 7 0;
S_0x5cf770998730 .scope module, "u_mac" "mac" 4 77, 5 3 0, S_0x5cf770959490;
 .timescale -9 -12;
    .port_info 0 /INPUT 1 "clk";
    .port_info 1 /INPUT 1 "rst";
    .port_info 2 /INPUT 1 "en";
    .port_info 3 /INPUT 8 "a";
    .port_info 4 /INPUT 8 "b";
    .port_info 5 /OUTPUT 16 "sum";
P_0x5cf770998910 .param/l "WIDTH" 0 5 4, +C4<00000000000000000000000000001000>;
v0x5cf7709bf980_0 .net "a", 7 0, v0x5cf7709c01b0_0;  1 drivers
v0x5cf7709bfa70_0 .net "b", 7 0, v0x5cf7709c0a40_0;  1 drivers
v0x5cf7709bfb40_0 .net "clk", 0 0, v0x5cf7709c0e20_0;  alias, 1 drivers
v0x5cf7709bfc40_0 .net "en", 0 0, v0x5cf7709c0ec0_0;  alias, 1 drivers
v0x5cf7709bfd10_0 .net "product", 15 0, L_0x5cf7709c1560;  1 drivers
v0x5cf7709bfe50_0 .net "rst", 0 0, v0x5cf7709c1050_0;  alias, 1 drivers
v0x5cf7709bfef0_0 .net "sum", 15 0, v0x5cf7709bede0_0;  alias, 1 drivers
S_0x5cf7709989b0 .scope module, "u_accumulator" "accumulator" 5 31, 6 3 0, S_0x5cf770998730;
 .timescale -9 -12;
    .port_info 0 /INPUT 1 "clk";
    .port_info 1 /INPUT 1 "rst";
    .port_info 2 /INPUT 1 "en";
    .port_info 3 /INPUT 16 "data_in";
    .port_info 4 /OUTPUT 16 "sum";
P_0x5cf77099f1f0 .param/l "WIDTH" 0 6 4, +C4<00000000000000000000000000001000>;
v0x5cf770995a30_0 .net "clk", 0 0, v0x5cf7709c0e20_0;  alias, 1 drivers
v0x5cf7709beb70_0 .net "data_in", 15 0, L_0x5cf7709c1560;  alias, 1 drivers
v0x5cf7709bec50_0 .net "en", 0 0, v0x5cf7709c0ec0_0;  alias, 1 drivers
v0x5cf7709bed20_0 .net "rst", 0 0, v0x5cf7709c1050_0;  alias, 1 drivers
v0x5cf7709bede0_0 .var "sum", 15 0;
E_0x5cf770993d30 .event posedge, v0x5cf770995a30_0;
S_0x5cf7709befb0 .scope module, "u_multiplier" "multiplier" 5 21, 7 2 0, S_0x5cf770998730;
 .timescale -9 -12;
    .port_info 0 /INPUT 8 "a";
    .port_info 1 /INPUT 8 "b";
    .port_info 2 /OUTPUT 16 "product";
P_0x5cf7709bf1b0 .param/l "WIDTH" 0 7 3, +C4<00000000000000000000000000001000>;
v0x5cf7709bf2a0_0 .net *"_ivl_0", 15 0, L_0x5cf7709c1370;  1 drivers
L_0x744952a40018 .functor BUFT 1, C4<00000000>, C4<0>, C4<0>, C4<0>;
v0x5cf7709bf3a0_0 .net *"_ivl_3", 7 0, L_0x744952a40018;  1 drivers
v0x5cf7709bf480_0 .net *"_ivl_4", 15 0, L_0x5cf7709c1440;  1 drivers
L_0x744952a40060 .functor BUFT 1, C4<00000000>, C4<0>, C4<0>, C4<0>;
v0x5cf7709bf570_0 .net *"_ivl_7", 7 0, L_0x744952a40060;  1 drivers
v0x5cf7709bf650_0 .net "a", 7 0, v0x5cf7709c01b0_0;  alias, 1 drivers
v0x5cf7709bf780_0 .net "b", 7 0, v0x5cf7709c0a40_0;  alias, 1 drivers
v0x5cf7709bf860_0 .net "product", 15 0, L_0x5cf7709c1560;  alias, 1 drivers
L_0x5cf7709c1370 .concat [ 8 8 0 0], v0x5cf7709c01b0_0, L_0x744952a40018;
L_0x5cf7709c1440 .concat [ 8 8 0 0], v0x5cf7709c0a40_0, L_0x744952a40060;
L_0x5cf7709c1560 .arith/mult 16, L_0x5cf7709c1370, L_0x5cf7709c1440;
    .scope S_0x5cf7709989b0;
T_0 ;
    %wait E_0x5cf770993d30;
    %load/vec4 v0x5cf7709bed20_0;
    %flag_set/vec4 8;
    %jmp/0xz  T_0.0, 8;
    %pushi/vec4 0, 0, 16;
    %assign/vec4 v0x5cf7709bede0_0, 0;
    %jmp T_0.1;
T_0.0 ;
    %load/vec4 v0x5cf7709bec50_0;
    %flag_set/vec4 8;
    %jmp/0xz  T_0.2, 8;
    %load/vec4 v0x5cf7709bede0_0;
    %load/vec4 v0x5cf7709beb70_0;
    %add;
    %assign/vec4 v0x5cf7709bede0_0, 0;
T_0.2 ;
T_0.1 ;
    %jmp T_0;
    .thread T_0;
    .scope S_0x5cf770959490;
T_1 ;
    %wait E_0x5cf770993d30;
    %load/vec4 v0x5cf7709c0610_0;
    %flag_set/vec4 8;
    %jmp/0xz  T_1.0, 8;
    %pushi/vec4 0, 0, 8;
    %assign/vec4 v0x5cf7709c01b0_0, 0;
    %pushi/vec4 0, 0, 8;
    %assign/vec4 v0x5cf7709c0a40_0, 0;
    %pushi/vec4 0, 0, 8;
    %assign/vec4 v0x5cf7709c00d0_0, 0;
    %pushi/vec4 0, 0, 8;
    %assign/vec4 v0x5cf7709c0960_0, 0;
    %pushi/vec4 0, 0, 1;
    %assign/vec4 v0x5cf7709c07c0_0, 0;
    %jmp T_1.1;
T_1.0 ;
    %load/vec4 v0x5cf7709c03c0_0;
    %flag_set/vec4 8;
    %jmp/0xz  T_1.2, 8;
    %load/vec4 v0x5cf7709bffd0_0;
    %assign/vec4 v0x5cf7709c01b0_0, 0;
    %load/vec4 v0x5cf7709c0880_0;
    %assign/vec4 v0x5cf7709c0a40_0, 0;
    %load/vec4 v0x5cf7709bffd0_0;
    %assign/vec4 v0x5cf7709c00d0_0, 0;
    %load/vec4 v0x5cf7709c0880_0;
    %assign/vec4 v0x5cf7709c0960_0, 0;
    %load/vec4 v0x5cf7709c0700_0;
    %assign/vec4 v0x5cf7709c07c0_0, 0;
T_1.2 ;
T_1.1 ;
    %jmp T_1;
    .thread T_1;
    .scope S_0x5cf770995850;
T_2 ;
    %delay 5000, 0;
    %load/vec4 v0x5cf7709c0e20_0;
    %inv;
    %store/vec4 v0x5cf7709c0e20_0, 0, 1;
    %jmp T_2;
    .thread T_2;
    .scope S_0x5cf770995850;
T_3 ;
    %pushi/vec4 0, 0, 1;
    %store/vec4 v0x5cf7709c0e20_0, 0, 1;
    %pushi/vec4 1, 0, 1;
    %store/vec4 v0x5cf7709c1050_0, 0, 1;
    %pushi/vec4 0, 0, 1;
    %store/vec4 v0x5cf7709c0ec0_0, 0, 1;
    %pushi/vec4 0, 0, 1;
    %store/vec4 v0x5cf7709c10f0_0, 0, 1;
    %pushi/vec4 0, 0, 8;
    %store/vec4 v0x5cf7709c0ca0_0, 0, 8;
    %pushi/vec4 0, 0, 8;
    %store/vec4 v0x5cf7709c1230_0, 0, 8;
    %vpi_call/w 3 69 "$dumpfile", "./verification/waveform/pe_1.vcd" {0 0 0};
    %vpi_call/w 3 70 "$dumpvars", 32'sb00000000000000000000000000000000 {0 0 0};
    %delay 20000, 0;
    %pushi/vec4 0, 0, 1;
    %store/vec4 v0x5cf7709c1050_0, 0, 1;
    %pushi/vec4 1, 0, 1;
    %store/vec4 v0x5cf7709c0ec0_0, 0, 1;
    %pushi/vec4 1, 0, 1;
    %store/vec4 v0x5cf7709c10f0_0, 0, 1;
    %pushi/vec4 2, 0, 8;
    %store/vec4 v0x5cf7709c0ca0_0, 0, 8;
    %pushi/vec4 3, 0, 8;
    %store/vec4 v0x5cf7709c1230_0, 0, 8;
    %delay 10000, 0;
    %pushi/vec4 4, 0, 8;
    %store/vec4 v0x5cf7709c0ca0_0, 0, 8;
    %pushi/vec4 5, 0, 8;
    %store/vec4 v0x5cf7709c1230_0, 0, 8;
    %delay 10000, 0;
    %pushi/vec4 6, 0, 8;
    %store/vec4 v0x5cf7709c0ca0_0, 0, 8;
    %pushi/vec4 7, 0, 8;
    %store/vec4 v0x5cf7709c1230_0, 0, 8;
    %delay 10000, 0;
    %pushi/vec4 0, 0, 1;
    %store/vec4 v0x5cf7709c0ec0_0, 0, 1;
    %pushi/vec4 15, 0, 8;
    %store/vec4 v0x5cf7709c0ca0_0, 0, 8;
    %pushi/vec4 15, 0, 8;
    %store/vec4 v0x5cf7709c1230_0, 0, 8;
    %delay 20000, 0;
    %pushi/vec4 1, 0, 1;
    %store/vec4 v0x5cf7709c0ec0_0, 0, 1;
    %pushi/vec4 8, 0, 8;
    %store/vec4 v0x5cf7709c0ca0_0, 0, 8;
    %pushi/vec4 9, 0, 8;
    %store/vec4 v0x5cf7709c1230_0, 0, 8;
    %delay 10000, 0;
    %pushi/vec4 0, 0, 1;
    %store/vec4 v0x5cf7709c10f0_0, 0, 1;
    %pushi/vec4 10, 0, 8;
    %store/vec4 v0x5cf7709c0ca0_0, 0, 8;
    %pushi/vec4 10, 0, 8;
    %store/vec4 v0x5cf7709c1230_0, 0, 8;
    %delay 20000, 0;
    %vpi_call/w 3 143 "$finish" {0 0 0};
    %end;
    .thread T_3;
    .scope S_0x5cf770995850;
T_4 ;
    %vpi_call/w 3 155 "$monitor", "Time=%0t | rst=%b en=%b valid_in=%b valid_out=%b | Ain=%d Win=%d | Aout=%d Wout=%d | Sum=%d", $time, v0x5cf7709c1050_0, v0x5cf7709c0ec0_0, v0x5cf7709c10f0_0, v0x5cf7709c1190_0, v0x5cf7709c0ca0_0, v0x5cf7709c1230_0, v0x5cf7709c0d80_0, v0x5cf7709c12d0_0, v0x5cf7709c0f60_0 {0 0 0};
    %end;
    .thread T_4;
# The file index is used to find the file name in the following table.
:file_names 8;
    "N/A";
    "<interactive>";
    "-";
    "verification/testbench/pe_1_tb.v";
    "rtl/basic/pe_1.v";
    "rtl/basic/mac.v";
    "rtl/basic/accumulator.v";
    "rtl/basic/multiplier.v";
