#! /usr/bin/vvp
:ivl_version "12.0 (stable)";
:ivl_delay_selection "TYPICAL";
:vpi_time_precision - 12;
:vpi_module "/usr/lib/x86_64-linux-gnu/ivl/system.vpi";
:vpi_module "/usr/lib/x86_64-linux-gnu/ivl/vhdl_sys.vpi";
:vpi_module "/usr/lib/x86_64-linux-gnu/ivl/vhdl_textio.vpi";
:vpi_module "/usr/lib/x86_64-linux-gnu/ivl/v2005_math.vpi";
:vpi_module "/usr/lib/x86_64-linux-gnu/ivl/va_math.vpi";
:vpi_module "/usr/lib/x86_64-linux-gnu/ivl/v2009.vpi";
S_0x60030d6c60b0 .scope package, "$unit" "$unit" 2 1;
 .timescale 0 0;
S_0x60030d6c6240 .scope module, "register_tb" "register_tb" 3 3;
 .timescale -9 -12;
P_0x60030d6c63d0 .param/l "width" 0 3 5, +C4<00000000000000000000000000001000>;
v0x60030d6daae0_0 .var "clk", 0 0;
v0x60030d6daba0_0 .var "d", 7 0;
v0x60030d6dac70_0 .var "en", 0 0;
v0x60030d6dad70_0 .net "q", 7 0, v0x60030d6da850_0;  1 drivers
v0x60030d6dae40_0 .var "rst", 0 0;
S_0x60030d68b490 .scope module, "dut" "register" 3 16, 4 2 0, S_0x60030d6c6240;
 .timescale -9 -12;
    .port_info 0 /INPUT 1 "clk";
    .port_info 1 /INPUT 1 "rst";
    .port_info 2 /INPUT 1 "en";
    .port_info 3 /INPUT 8 "d";
    .port_info 4 /OUTPUT 8 "q";
P_0x60030d68b670 .param/l "width" 0 4 2, +C4<00000000000000000000000000001000>;
v0x60030d68b770_0 .net "clk", 0 0, v0x60030d6daae0_0;  1 drivers
v0x60030d6da6a0_0 .net "d", 7 0, v0x60030d6daba0_0;  1 drivers
v0x60030d6da780_0 .net "en", 0 0, v0x60030d6dac70_0;  1 drivers
v0x60030d6da850_0 .var "q", 7 0;
v0x60030d6da930_0 .net "rst", 0 0, v0x60030d6dae40_0;  1 drivers
E_0x60030d6c4aa0 .event posedge, v0x60030d68b770_0;
    .scope S_0x60030d68b490;
T_0 ;
    %wait E_0x60030d6c4aa0;
    %load/vec4 v0x60030d6da930_0;
    %flag_set/vec4 8;
    %jmp/0xz  T_0.0, 8;
    %pushi/vec4 0, 0, 8;
    %assign/vec4 v0x60030d6da850_0, 0;
    %jmp T_0.1;
T_0.0 ;
    %load/vec4 v0x60030d6da780_0;
    %flag_set/vec4 8;
    %jmp/0xz  T_0.2, 8;
    %load/vec4 v0x60030d6da6a0_0;
    %assign/vec4 v0x60030d6da850_0, 0;
T_0.2 ;
T_0.1 ;
    %jmp T_0;
    .thread T_0;
    .scope S_0x60030d68b490;
T_1 ;
    %vpi_call/w 4 17 "$dumpfile", "verification/waveform/register.vcd" {0 0 0};
    %vpi_call/w 4 18 "$dumpvars", 32'sb00000000000000000000000000000000, S_0x60030d6c6240 {0 0 0};
    %end;
    .thread T_1;
    .scope S_0x60030d6c6240;
T_2 ;
    %delay 5000, 0;
    %load/vec4 v0x60030d6daae0_0;
    %inv;
    %store/vec4 v0x60030d6daae0_0, 0, 1;
    %jmp T_2;
    .thread T_2;
    .scope S_0x60030d6c6240;
T_3 ;
    %pushi/vec4 0, 0, 1;
    %store/vec4 v0x60030d6daae0_0, 0, 1;
    %pushi/vec4 1, 0, 1;
    %store/vec4 v0x60030d6dae40_0, 0, 1;
    %pushi/vec4 0, 0, 1;
    %store/vec4 v0x60030d6dac70_0, 0, 1;
    %pushi/vec4 0, 0, 8;
    %store/vec4 v0x60030d6daba0_0, 0, 8;
    %delay 10000, 0;
    %pushi/vec4 0, 0, 1;
    %store/vec4 v0x60030d6dae40_0, 0, 1;
    %pushi/vec4 1, 0, 1;
    %store/vec4 v0x60030d6dac70_0, 0, 1;
    %pushi/vec4 170, 0, 8;
    %store/vec4 v0x60030d6daba0_0, 0, 8;
    %delay 10000, 0;
    %pushi/vec4 85, 0, 8;
    %store/vec4 v0x60030d6daba0_0, 0, 8;
    %delay 10000, 0;
    %pushi/vec4 0, 0, 1;
    %store/vec4 v0x60030d6dac70_0, 0, 1;
    %pushi/vec4 255, 0, 8;
    %store/vec4 v0x60030d6daba0_0, 0, 8;
    %delay 10000, 0;
    %pushi/vec4 1, 0, 1;
    %store/vec4 v0x60030d6dae40_0, 0, 1;
    %delay 10000, 0;
    %vpi_call/w 3 54 "$finish" {0 0 0};
    %end;
    .thread T_3;
# The file index is used to find the file name in the following table.
:file_names 5;
    "N/A";
    "<interactive>";
    "-";
    "verification/testbench/register_tb.v";
    "rtl/basic/register.v";
