#! /usr/bin/vvp
:ivl_version "12.0 (stable)";
:ivl_delay_selection "TYPICAL";
:vpi_time_precision - 12;
:vpi_module "/usr/lib/x86_64-linux-gnu/ivl/system.vpi";
:vpi_module "/usr/lib/x86_64-linux-gnu/ivl/vhdl_sys.vpi";
:vpi_module "/usr/lib/x86_64-linux-gnu/ivl/vhdl_textio.vpi";
:vpi_module "/usr/lib/x86_64-linux-gnu/ivl/v2005_math.vpi";
:vpi_module "/usr/lib/x86_64-linux-gnu/ivl/va_math.vpi";
:vpi_module "/usr/lib/x86_64-linux-gnu/ivl/v2009.vpi";
S_0x5e2aca6c1a60 .scope package, "$unit" "$unit" 2 1;
 .timescale 0 0;
S_0x5e2aca6c1bf0 .scope module, "systolic_array_2x2_tb" "systolic_array_2x2_tb" 3 3;
 .timescale -9 -12;
P_0x5e2aca6c19b0 .param/l "WIDTH" 0 3 5, +C4<00000000000000000000000000001000>;
v0x5e2aca71a3e0_0 .var "activation_in0", 7 0;
v0x5e2aca71a510_0 .var "activation_in1", 7 0;
v0x5e2aca71a620_0 .var "clk", 0 0;
v0x5e2aca71a6c0_0 .var "en", 0 0;
v0x5e2aca71a760_0 .net "partial_sum00", 15 0, v0x5e2aca6e5aa0_0;  1 drivers
v0x5e2aca71a850_0 .net "partial_sum01", 15 0, v0x5e2aca7118b0_0;  1 drivers
v0x5e2aca71a9a0_0 .net "partial_sum10", 15 0, v0x5e2aca714580_0;  1 drivers
v0x5e2aca71aaf0_0 .net "partial_sum11", 15 0, v0x5e2aca717310_0;  1 drivers
v0x5e2aca71ac40_0 .var "rst", 0 0;
v0x5e2aca71ad70_0 .var "valid_in", 0 0;
v0x5e2aca71aea0_0 .net "valid_out", 0 0, L_0x5e2aca6eb4e0;  1 drivers
v0x5e2aca71af40_0 .var "weight_in0", 7 0;
v0x5e2aca71afe0_0 .var "weight_in1", 7 0;
S_0x5e2aca685490 .scope module, "dut" "systolic_array_2x2" 3 44, 4 3 0, S_0x5e2aca6c1bf0;
 .timescale -9 -12;
    .port_info 0 /INPUT 1 "clk";
    .port_info 1 /INPUT 1 "rst";
    .port_info 2 /INPUT 1 "en";
    .port_info 3 /INPUT 1 "valid_in";
    .port_info 4 /INPUT 8 "activation_in0";
    .port_info 5 /INPUT 8 "activation_in1";
    .port_info 6 /INPUT 8 "weight_in0";
    .port_info 7 /INPUT 8 "weight_in1";
    .port_info 8 /OUTPUT 16 "partial_sum00";
    .port_info 9 /OUTPUT 16 "partial_sum01";
    .port_info 10 /OUTPUT 16 "partial_sum10";
    .port_info 11 /OUTPUT 16 "partial_sum11";
    .port_info 12 /OUTPUT 1 "valid_out";
P_0x5e2aca685670 .param/l "WIDTH" 0 4 4, +C4<00000000000000000000000000001000>;
L_0x5e2aca6eb4e0 .functor BUFZ 1, v0x5e2aca718d70_0, C4<0>, C4<0>, C4<0>;
v0x5e2aca719210_0 .net "act_00_to_01", 7 0, v0x5e2aca70ffc0_0;  1 drivers
v0x5e2aca719340_0 .net "act_10_to_11", 7 0, v0x5e2aca715a50_0;  1 drivers
v0x5e2aca719450_0 .net "activation_in0", 7 0, v0x5e2aca71a3e0_0;  1 drivers
v0x5e2aca7194f0_0 .net "activation_in1", 7 0, v0x5e2aca71a510_0;  1 drivers
v0x5e2aca719590_0 .net "clk", 0 0, v0x5e2aca71a620_0;  1 drivers
v0x5e2aca719680_0 .net "en", 0 0, v0x5e2aca71a6c0_0;  1 drivers
v0x5e2aca719720_0 .net "partial_sum00", 15 0, v0x5e2aca6e5aa0_0;  alias, 1 drivers
v0x5e2aca7197c0_0 .net "partial_sum01", 15 0, v0x5e2aca7118b0_0;  alias, 1 drivers
v0x5e2aca719880_0 .net "partial_sum10", 15 0, v0x5e2aca714580_0;  alias, 1 drivers
v0x5e2aca719940_0 .net "partial_sum11", 15 0, v0x5e2aca717310_0;  alias, 1 drivers
v0x5e2aca719a00_0 .net "rst", 0 0, v0x5e2aca71ac40_0;  1 drivers
v0x5e2aca719aa0_0 .net "valid00", 0 0, v0x5e2aca7106e0_0;  1 drivers
v0x5e2aca719b40_0 .net "valid01", 0 0, v0x5e2aca713240_0;  1 drivers
v0x5e2aca719be0_0 .net "valid10", 0 0, v0x5e2aca716110_0;  1 drivers
v0x5e2aca719c80_0 .net "valid11", 0 0, v0x5e2aca718d70_0;  1 drivers
v0x5e2aca719d20_0 .net "valid_in", 0 0, v0x5e2aca71ad70_0;  1 drivers
v0x5e2aca719dc0_0 .net "valid_out", 0 0, L_0x5e2aca6eb4e0;  alias, 1 drivers
v0x5e2aca719f70_0 .net "weight_in0", 7 0, v0x5e2aca71af40_0;  1 drivers
v0x5e2aca71a010_0 .net "weight_in1", 7 0, v0x5e2aca71afe0_0;  1 drivers
v0x5e2aca71a0e0_0 .net "wt_00_to_10", 7 0, v0x5e2aca710880_0;  1 drivers
v0x5e2aca71a180_0 .net "wt_01_to_11", 7 0, v0x5e2aca713470_0;  1 drivers
S_0x5e2aca6c4e00 .scope module, "PE00" "processing_element" 4 59, 5 3 0, S_0x5e2aca685490;
 .timescale -9 -12;
    .port_info 0 /INPUT 1 "clk";
    .port_info 1 /INPUT 1 "rst";
    .port_info 2 /INPUT 1 "en";
    .port_info 3 /INPUT 1 "valid_in";
    .port_info 4 /INPUT 8 "activation_in";
    .port_info 5 /INPUT 8 "weight_in";
    .port_info 6 /OUTPUT 8 "activation_out";
    .port_info 7 /OUTPUT 8 "weight_out";
    .port_info 8 /OUTPUT 1 "valid_out";
    .port_info 9 /OUTPUT 16 "partial_sum";
P_0x5e2aca6c4fe0 .param/l "WIDTH" 0 5 4, +C4<00000000000000000000000000001000>;
v0x5e2aca70fec0_0 .net "activation_in", 7 0, v0x5e2aca71a3e0_0;  alias, 1 drivers
v0x5e2aca70ffc0_0 .var "activation_out", 7 0;
v0x5e2aca7100a0_0 .var "activation_reg", 7 0;
v0x5e2aca7101c0_0 .net "clk", 0 0, v0x5e2aca71a620_0;  alias, 1 drivers
v0x5e2aca7102b0_0 .net "en", 0 0, v0x5e2aca71a6c0_0;  alias, 1 drivers
v0x5e2aca7103f0_0 .net "partial_sum", 15 0, v0x5e2aca6e5aa0_0;  alias, 1 drivers
v0x5e2aca710500_0 .net "rst", 0 0, v0x5e2aca71ac40_0;  alias, 1 drivers
v0x5e2aca7105f0_0 .net "valid_in", 0 0, v0x5e2aca71ad70_0;  alias, 1 drivers
v0x5e2aca7106e0_0 .var "valid_out", 0 0;
v0x5e2aca7107a0_0 .net "weight_in", 7 0, v0x5e2aca71af40_0;  alias, 1 drivers
v0x5e2aca710880_0 .var "weight_out", 7 0;
v0x5e2aca710960_0 .var "weight_reg", 7 0;
S_0x5e2aca6cac30 .scope module, "u_mac" "mac" 5 77, 6 3 0, S_0x5e2aca6c4e00;
 .timescale -9 -12;
    .port_info 0 /INPUT 1 "clk";
    .port_info 1 /INPUT 1 "rst";
    .port_info 2 /INPUT 1 "en";
    .port_info 3 /INPUT 8 "a";
    .port_info 4 /INPUT 8 "b";
    .port_info 5 /OUTPUT 16 "sum";
    .port_info 6 /INPUT 1 "valid_in";
P_0x5e2aca6cae10 .param/l "WIDTH" 0 6 4, +C4<00000000000000000000000000001000>;
v0x5e2aca70f7a0_0 .net "a", 7 0, v0x5e2aca7100a0_0;  1 drivers
v0x5e2aca70f890_0 .net "b", 7 0, v0x5e2aca710960_0;  1 drivers
v0x5e2aca70f960_0 .net "clk", 0 0, v0x5e2aca71a620_0;  alias, 1 drivers
v0x5e2aca70fa60_0 .net "en", 0 0, v0x5e2aca71a6c0_0;  alias, 1 drivers
v0x5e2aca70fb30_0 .net "product", 15 0, L_0x5e2aca71b220;  1 drivers
v0x5e2aca70fc70_0 .net "rst", 0 0, v0x5e2aca71ac40_0;  alias, 1 drivers
v0x5e2aca70fd10_0 .net "sum", 15 0, v0x5e2aca6e5aa0_0;  alias, 1 drivers
v0x5e2aca70fdb0_0 .net "valid_in", 0 0, v0x5e2aca71ad70_0;  alias, 1 drivers
S_0x5e2aca6d3230 .scope module, "u_accumulator" "accumulator" 6 32, 7 3 0, S_0x5e2aca6cac30;
 .timescale -9 -12;
    .port_info 0 /INPUT 1 "clk";
    .port_info 1 /INPUT 1 "rst";
    .port_info 2 /INPUT 1 "en";
    .port_info 3 /INPUT 1 "valid_in";
    .port_info 4 /INPUT 16 "data_in";
    .port_info 5 /OUTPUT 16 "sum";
P_0x5e2aca6d3410 .param/l "WIDTH" 0 7 4, +C4<00000000000000000000000000001000>;
v0x5e2aca6eb640_0 .net "clk", 0 0, v0x5e2aca71a620_0;  alias, 1 drivers
v0x5e2aca6e99c0_0 .net "data_in", 15 0, L_0x5e2aca71b220;  alias, 1 drivers
v0x5e2aca6e87e0_0 .net "en", 0 0, v0x5e2aca71a6c0_0;  alias, 1 drivers
v0x5e2aca6e6c80_0 .net "rst", 0 0, v0x5e2aca71ac40_0;  alias, 1 drivers
v0x5e2aca6e5aa0_0 .var "sum", 15 0;
v0x5e2aca6e3e80_0 .net "valid_in", 0 0, v0x5e2aca71ad70_0;  alias, 1 drivers
E_0x5e2aca6c01e0 .event posedge, v0x5e2aca6eb640_0;
S_0x5e2aca70edd0 .scope module, "u_multiplier" "multiplier" 6 22, 8 2 0, S_0x5e2aca6cac30;
 .timescale -9 -12;
    .port_info 0 /INPUT 8 "a";
    .port_info 1 /INPUT 8 "b";
    .port_info 2 /OUTPUT 16 "product";
P_0x5e2aca70efd0 .param/l "WIDTH" 0 8 3, +C4<00000000000000000000000000001000>;
v0x5e2aca70f0c0_0 .net *"_ivl_0", 15 0, L_0x5e2aca71b0a0;  1 drivers
L_0x7f8741cb0018 .functor BUFT 1, C4<00000000>, C4<0>, C4<0>, C4<0>;
v0x5e2aca70f1c0_0 .net *"_ivl_3", 7 0, L_0x7f8741cb0018;  1 drivers
v0x5e2aca70f2a0_0 .net *"_ivl_4", 15 0, L_0x5e2aca71b160;  1 drivers
L_0x7f8741cb0060 .functor BUFT 1, C4<00000000>, C4<0>, C4<0>, C4<0>;
v0x5e2aca70f390_0 .net *"_ivl_7", 7 0, L_0x7f8741cb0060;  1 drivers
v0x5e2aca70f470_0 .net "a", 7 0, v0x5e2aca7100a0_0;  alias, 1 drivers
v0x5e2aca70f5a0_0 .net "b", 7 0, v0x5e2aca710960_0;  alias, 1 drivers
v0x5e2aca70f680_0 .net "product", 15 0, L_0x5e2aca71b220;  alias, 1 drivers
L_0x5e2aca71b0a0 .concat [ 8 8 0 0], v0x5e2aca7100a0_0, L_0x7f8741cb0018;
L_0x5e2aca71b160 .concat [ 8 8 0 0], v0x5e2aca710960_0, L_0x7f8741cb0060;
L_0x5e2aca71b220 .arith/mult 16, L_0x5e2aca71b0a0, L_0x5e2aca71b160;
S_0x5e2aca710bc0 .scope module, "PE01" "processing_element" 4 85, 5 3 0, S_0x5e2aca685490;
 .timescale -9 -12;
    .port_info 0 /INPUT 1 "clk";
    .port_info 1 /INPUT 1 "rst";
    .port_info 2 /INPUT 1 "en";
    .port_info 3 /INPUT 1 "valid_in";
    .port_info 4 /INPUT 8 "activation_in";
    .port_info 5 /INPUT 8 "weight_in";
    .port_info 6 /OUTPUT 8 "activation_out";
    .port_info 7 /OUTPUT 8 "weight_out";
    .port_info 8 /OUTPUT 1 "valid_out";
    .port_info 9 /OUTPUT 16 "partial_sum";
P_0x5e2aca710dc0 .param/l "WIDTH" 0 5 4, +C4<00000000000000000000000000001000>;
v0x5e2aca712bd0_0 .net "activation_in", 7 0, v0x5e2aca70ffc0_0;  alias, 1 drivers
v0x5e2aca712cb0_0 .var "activation_out", 7 0;
v0x5e2aca712d70_0 .var "activation_reg", 7 0;
v0x5e2aca712e60_0 .net "clk", 0 0, v0x5e2aca71a620_0;  alias, 1 drivers
v0x5e2aca712f00_0 .net "en", 0 0, v0x5e2aca71a6c0_0;  alias, 1 drivers
v0x5e2aca712ff0_0 .net "partial_sum", 15 0, v0x5e2aca7118b0_0;  alias, 1 drivers
v0x5e2aca713100_0 .net "rst", 0 0, v0x5e2aca71ac40_0;  alias, 1 drivers
v0x5e2aca7131a0_0 .net "valid_in", 0 0, v0x5e2aca7106e0_0;  alias, 1 drivers
v0x5e2aca713240_0 .var "valid_out", 0 0;
v0x5e2aca713390_0 .net "weight_in", 7 0, v0x5e2aca71afe0_0;  alias, 1 drivers
v0x5e2aca713470_0 .var "weight_out", 7 0;
v0x5e2aca713550_0 .var "weight_reg", 7 0;
S_0x5e2aca710f60 .scope module, "u_mac" "mac" 5 77, 6 3 0, S_0x5e2aca710bc0;
 .timescale -9 -12;
    .port_info 0 /INPUT 1 "clk";
    .port_info 1 /INPUT 1 "rst";
    .port_info 2 /INPUT 1 "en";
    .port_info 3 /INPUT 8 "a";
    .port_info 4 /INPUT 8 "b";
    .port_info 5 /OUTPUT 16 "sum";
    .port_info 6 /INPUT 1 "valid_in";
P_0x5e2aca711140 .param/l "WIDTH" 0 6 4, +C4<00000000000000000000000000001000>;
v0x5e2aca7124a0_0 .net "a", 7 0, v0x5e2aca712d70_0;  1 drivers
v0x5e2aca712560_0 .net "b", 7 0, v0x5e2aca713550_0;  1 drivers
v0x5e2aca712600_0 .net "clk", 0 0, v0x5e2aca71a620_0;  alias, 1 drivers
v0x5e2aca7126d0_0 .net "en", 0 0, v0x5e2aca71a6c0_0;  alias, 1 drivers
v0x5e2aca712800_0 .net "product", 15 0, L_0x5e2aca71b4a0;  1 drivers
v0x5e2aca7128a0_0 .net "rst", 0 0, v0x5e2aca71ac40_0;  alias, 1 drivers
v0x5e2aca7129d0_0 .net "sum", 15 0, v0x5e2aca7118b0_0;  alias, 1 drivers
v0x5e2aca712a70_0 .net "valid_in", 0 0, v0x5e2aca7106e0_0;  alias, 1 drivers
S_0x5e2aca711290 .scope module, "u_accumulator" "accumulator" 6 32, 7 3 0, S_0x5e2aca710f60;
 .timescale -9 -12;
    .port_info 0 /INPUT 1 "clk";
    .port_info 1 /INPUT 1 "rst";
    .port_info 2 /INPUT 1 "en";
    .port_info 3 /INPUT 1 "valid_in";
    .port_info 4 /INPUT 16 "data_in";
    .port_info 5 /OUTPUT 16 "sum";
P_0x5e2aca711490 .param/l "WIDTH" 0 7 4, +C4<00000000000000000000000000001000>;
v0x5e2aca7115d0_0 .net "clk", 0 0, v0x5e2aca71a620_0;  alias, 1 drivers
v0x5e2aca711690_0 .net "data_in", 15 0, L_0x5e2aca71b4a0;  alias, 1 drivers
v0x5e2aca711770_0 .net "en", 0 0, v0x5e2aca71a6c0_0;  alias, 1 drivers
v0x5e2aca711810_0 .net "rst", 0 0, v0x5e2aca71ac40_0;  alias, 1 drivers
v0x5e2aca7118b0_0 .var "sum", 15 0;
v0x5e2aca7119c0_0 .net "valid_in", 0 0, v0x5e2aca7106e0_0;  alias, 1 drivers
S_0x5e2aca711b00 .scope module, "u_multiplier" "multiplier" 6 22, 8 2 0, S_0x5e2aca710f60;
 .timescale -9 -12;
    .port_info 0 /INPUT 8 "a";
    .port_info 1 /INPUT 8 "b";
    .port_info 2 /OUTPUT 16 "product";
P_0x5e2aca711d00 .param/l "WIDTH" 0 8 3, +C4<00000000000000000000000000001000>;
v0x5e2aca711df0_0 .net *"_ivl_0", 15 0, L_0x5e2aca71b2c0;  1 drivers
L_0x7f8741cb00a8 .functor BUFT 1, C4<00000000>, C4<0>, C4<0>, C4<0>;
v0x5e2aca711ef0_0 .net *"_ivl_3", 7 0, L_0x7f8741cb00a8;  1 drivers
v0x5e2aca711fd0_0 .net *"_ivl_4", 15 0, L_0x5e2aca71b3b0;  1 drivers
L_0x7f8741cb00f0 .functor BUFT 1, C4<00000000>, C4<0>, C4<0>, C4<0>;
v0x5e2aca712090_0 .net *"_ivl_7", 7 0, L_0x7f8741cb00f0;  1 drivers
v0x5e2aca712170_0 .net "a", 7 0, v0x5e2aca712d70_0;  alias, 1 drivers
v0x5e2aca7122a0_0 .net "b", 7 0, v0x5e2aca713550_0;  alias, 1 drivers
v0x5e2aca712380_0 .net "product", 15 0, L_0x5e2aca71b4a0;  alias, 1 drivers
L_0x5e2aca71b2c0 .concat [ 8 8 0 0], v0x5e2aca712d70_0, L_0x7f8741cb00a8;
L_0x5e2aca71b3b0 .concat [ 8 8 0 0], v0x5e2aca713550_0, L_0x7f8741cb00f0;
L_0x5e2aca71b4a0 .arith/mult 16, L_0x5e2aca71b2c0, L_0x5e2aca71b3b0;
S_0x5e2aca7137b0 .scope module, "PE10" "processing_element" 4 111, 5 3 0, S_0x5e2aca685490;
 .timescale -9 -12;
    .port_info 0 /INPUT 1 "clk";
    .port_info 1 /INPUT 1 "rst";
    .port_info 2 /INPUT 1 "en";
    .port_info 3 /INPUT 1 "valid_in";
    .port_info 4 /INPUT 8 "activation_in";
    .port_info 5 /INPUT 8 "weight_in";
    .port_info 6 /OUTPUT 8 "activation_out";
    .port_info 7 /OUTPUT 8 "weight_out";
    .port_info 8 /OUTPUT 1 "valid_out";
    .port_info 9 /OUTPUT 16 "partial_sum";
P_0x5e2aca713990 .param/l "WIDTH" 0 5 4, +C4<00000000000000000000000000001000>;
v0x5e2aca715950_0 .net "activation_in", 7 0, v0x5e2aca71a510_0;  alias, 1 drivers
v0x5e2aca715a50_0 .var "activation_out", 7 0;
v0x5e2aca715b30_0 .var "activation_reg", 7 0;
v0x5e2aca715c20_0 .net "clk", 0 0, v0x5e2aca71a620_0;  alias, 1 drivers
v0x5e2aca715cc0_0 .net "en", 0 0, v0x5e2aca71a6c0_0;  alias, 1 drivers
v0x5e2aca715db0_0 .net "partial_sum", 15 0, v0x5e2aca714580_0;  alias, 1 drivers
v0x5e2aca715ec0_0 .net "rst", 0 0, v0x5e2aca71ac40_0;  alias, 1 drivers
v0x5e2aca716070_0 .net "valid_in", 0 0, v0x5e2aca7106e0_0;  alias, 1 drivers
v0x5e2aca716110_0 .var "valid_out", 0 0;
v0x5e2aca7161d0_0 .net "weight_in", 7 0, v0x5e2aca710880_0;  alias, 1 drivers
v0x5e2aca716290_0 .var "weight_out", 7 0;
v0x5e2aca716350_0 .var "weight_reg", 7 0;
S_0x5e2aca713bc0 .scope module, "u_mac" "mac" 5 77, 6 3 0, S_0x5e2aca7137b0;
 .timescale -9 -12;
    .port_info 0 /INPUT 1 "clk";
    .port_info 1 /INPUT 1 "rst";
    .port_info 2 /INPUT 1 "en";
    .port_info 3 /INPUT 8 "a";
    .port_info 4 /INPUT 8 "b";
    .port_info 5 /OUTPUT 16 "sum";
    .port_info 6 /INPUT 1 "valid_in";
P_0x5e2aca713da0 .param/l "WIDTH" 0 6 4, +C4<00000000000000000000000000001000>;
v0x5e2aca715240_0 .net "a", 7 0, v0x5e2aca715b30_0;  1 drivers
v0x5e2aca715330_0 .net "b", 7 0, v0x5e2aca716350_0;  1 drivers
v0x5e2aca715400_0 .net "clk", 0 0, v0x5e2aca71a620_0;  alias, 1 drivers
v0x5e2aca7154d0_0 .net "en", 0 0, v0x5e2aca71a6c0_0;  alias, 1 drivers
v0x5e2aca715570_0 .net "product", 15 0, L_0x5e2aca71b810;  1 drivers
v0x5e2aca7156b0_0 .net "rst", 0 0, v0x5e2aca71ac40_0;  alias, 1 drivers
v0x5e2aca715750_0 .net "sum", 15 0, v0x5e2aca714580_0;  alias, 1 drivers
v0x5e2aca7157f0_0 .net "valid_in", 0 0, v0x5e2aca7106e0_0;  alias, 1 drivers
S_0x5e2aca713ef0 .scope module, "u_accumulator" "accumulator" 6 32, 7 3 0, S_0x5e2aca713bc0;
 .timescale -9 -12;
    .port_info 0 /INPUT 1 "clk";
    .port_info 1 /INPUT 1 "rst";
    .port_info 2 /INPUT 1 "en";
    .port_info 3 /INPUT 1 "valid_in";
    .port_info 4 /INPUT 16 "data_in";
    .port_info 5 /OUTPUT 16 "sum";
P_0x5e2aca7140f0 .param/l "WIDTH" 0 7 4, +C4<00000000000000000000000000001000>;
v0x5e2aca714270_0 .net "clk", 0 0, v0x5e2aca71a620_0;  alias, 1 drivers
v0x5e2aca714330_0 .net "data_in", 15 0, L_0x5e2aca71b810;  alias, 1 drivers
v0x5e2aca714410_0 .net "en", 0 0, v0x5e2aca71a6c0_0;  alias, 1 drivers
v0x5e2aca7144e0_0 .net "rst", 0 0, v0x5e2aca71ac40_0;  alias, 1 drivers
v0x5e2aca714580_0 .var "sum", 15 0;
v0x5e2aca714690_0 .net "valid_in", 0 0, v0x5e2aca7106e0_0;  alias, 1 drivers
S_0x5e2aca714830 .scope module, "u_multiplier" "multiplier" 6 22, 8 2 0, S_0x5e2aca713bc0;
 .timescale -9 -12;
    .port_info 0 /INPUT 8 "a";
    .port_info 1 /INPUT 8 "b";
    .port_info 2 /OUTPUT 16 "product";
P_0x5e2aca7149e0 .param/l "WIDTH" 0 8 3, +C4<00000000000000000000000000001000>;
v0x5e2aca714b60_0 .net *"_ivl_0", 15 0, L_0x5e2aca71b5e0;  1 drivers
L_0x7f8741cb0138 .functor BUFT 1, C4<00000000>, C4<0>, C4<0>, C4<0>;
v0x5e2aca714c60_0 .net *"_ivl_3", 7 0, L_0x7f8741cb0138;  1 drivers
v0x5e2aca714d40_0 .net *"_ivl_4", 15 0, L_0x5e2aca71b720;  1 drivers
L_0x7f8741cb0180 .functor BUFT 1, C4<00000000>, C4<0>, C4<0>, C4<0>;
v0x5e2aca714e30_0 .net *"_ivl_7", 7 0, L_0x7f8741cb0180;  1 drivers
v0x5e2aca714f10_0 .net "a", 7 0, v0x5e2aca715b30_0;  alias, 1 drivers
v0x5e2aca715040_0 .net "b", 7 0, v0x5e2aca716350_0;  alias, 1 drivers
v0x5e2aca715120_0 .net "product", 15 0, L_0x5e2aca71b810;  alias, 1 drivers
L_0x5e2aca71b5e0 .concat [ 8 8 0 0], v0x5e2aca715b30_0, L_0x7f8741cb0138;
L_0x5e2aca71b720 .concat [ 8 8 0 0], v0x5e2aca716350_0, L_0x7f8741cb0180;
L_0x5e2aca71b810 .arith/mult 16, L_0x5e2aca71b5e0, L_0x5e2aca71b720;
S_0x5e2aca7165b0 .scope module, "PE11" "processing_element" 4 137, 5 3 0, S_0x5e2aca685490;
 .timescale -9 -12;
    .port_info 0 /INPUT 1 "clk";
    .port_info 1 /INPUT 1 "rst";
    .port_info 2 /INPUT 1 "en";
    .port_info 3 /INPUT 1 "valid_in";
    .port_info 4 /INPUT 8 "activation_in";
    .port_info 5 /INPUT 8 "weight_in";
    .port_info 6 /OUTPUT 8 "activation_out";
    .port_info 7 /OUTPUT 8 "weight_out";
    .port_info 8 /OUTPUT 1 "valid_out";
    .port_info 9 /OUTPUT 16 "partial_sum";
P_0x5e2aca716790 .param/l "WIDTH" 0 5 4, +C4<00000000000000000000000000001000>;
v0x5e2aca718700_0 .net "activation_in", 7 0, v0x5e2aca715a50_0;  alias, 1 drivers
v0x5e2aca7187e0_0 .var "activation_out", 7 0;
v0x5e2aca7188a0_0 .var "activation_reg", 7 0;
v0x5e2aca718990_0 .net "clk", 0 0, v0x5e2aca71a620_0;  alias, 1 drivers
v0x5e2aca718a30_0 .net "en", 0 0, v0x5e2aca71a6c0_0;  alias, 1 drivers
v0x5e2aca718b20_0 .net "partial_sum", 15 0, v0x5e2aca717310_0;  alias, 1 drivers
v0x5e2aca718c30_0 .net "rst", 0 0, v0x5e2aca71ac40_0;  alias, 1 drivers
v0x5e2aca718cd0_0 .net "valid_in", 0 0, v0x5e2aca716110_0;  alias, 1 drivers
v0x5e2aca718d70_0 .var "valid_out", 0 0;
v0x5e2aca718e30_0 .net "weight_in", 7 0, v0x5e2aca713470_0;  alias, 1 drivers
v0x5e2aca718ef0_0 .var "weight_out", 7 0;
v0x5e2aca718fb0_0 .var "weight_reg", 7 0;
S_0x5e2aca716930 .scope module, "u_mac" "mac" 5 77, 6 3 0, S_0x5e2aca7165b0;
 .timescale -9 -12;
    .port_info 0 /INPUT 1 "clk";
    .port_info 1 /INPUT 1 "rst";
    .port_info 2 /INPUT 1 "en";
    .port_info 3 /INPUT 8 "a";
    .port_info 4 /INPUT 8 "b";
    .port_info 5 /OUTPUT 16 "sum";
    .port_info 6 /INPUT 1 "valid_in";
P_0x5e2aca716b30 .param/l "WIDTH" 0 6 4, +C4<00000000000000000000000000001000>;
v0x5e2aca717fa0_0 .net "a", 7 0, v0x5e2aca7188a0_0;  1 drivers
v0x5e2aca718090_0 .net "b", 7 0, v0x5e2aca718fb0_0;  1 drivers
v0x5e2aca718160_0 .net "clk", 0 0, v0x5e2aca71a620_0;  alias, 1 drivers
v0x5e2aca718230_0 .net "en", 0 0, v0x5e2aca71a6c0_0;  alias, 1 drivers
v0x5e2aca7182d0_0 .net "product", 15 0, L_0x5e2aca71bb30;  1 drivers
v0x5e2aca718410_0 .net "rst", 0 0, v0x5e2aca71ac40_0;  alias, 1 drivers
v0x5e2aca7184b0_0 .net "sum", 15 0, v0x5e2aca717310_0;  alias, 1 drivers
v0x5e2aca718550_0 .net "valid_in", 0 0, v0x5e2aca716110_0;  alias, 1 drivers
S_0x5e2aca716c80 .scope module, "u_accumulator" "accumulator" 6 32, 7 3 0, S_0x5e2aca716930;
 .timescale -9 -12;
    .port_info 0 /INPUT 1 "clk";
    .port_info 1 /INPUT 1 "rst";
    .port_info 2 /INPUT 1 "en";
    .port_info 3 /INPUT 1 "valid_in";
    .port_info 4 /INPUT 16 "data_in";
    .port_info 5 /OUTPUT 16 "sum";
P_0x5e2aca716e80 .param/l "WIDTH" 0 7 4, +C4<00000000000000000000000000001000>;
v0x5e2aca717000_0 .net "clk", 0 0, v0x5e2aca71a620_0;  alias, 1 drivers
v0x5e2aca7170c0_0 .net "data_in", 15 0, L_0x5e2aca71bb30;  alias, 1 drivers
v0x5e2aca7171a0_0 .net "en", 0 0, v0x5e2aca71a6c0_0;  alias, 1 drivers
v0x5e2aca717270_0 .net "rst", 0 0, v0x5e2aca71ac40_0;  alias, 1 drivers
v0x5e2aca717310_0 .var "sum", 15 0;
v0x5e2aca717420_0 .net "valid_in", 0 0, v0x5e2aca716110_0;  alias, 1 drivers
S_0x5e2aca7175a0 .scope module, "u_multiplier" "multiplier" 6 22, 8 2 0, S_0x5e2aca716930;
 .timescale -9 -12;
    .port_info 0 /INPUT 8 "a";
    .port_info 1 /INPUT 8 "b";
    .port_info 2 /OUTPUT 16 "product";
P_0x5e2aca7177a0 .param/l "WIDTH" 0 8 3, +C4<00000000000000000000000000001000>;
v0x5e2aca7178c0_0 .net *"_ivl_0", 15 0, L_0x5e2aca71b950;  1 drivers
L_0x7f8741cb01c8 .functor BUFT 1, C4<00000000>, C4<0>, C4<0>, C4<0>;
v0x5e2aca7179c0_0 .net *"_ivl_3", 7 0, L_0x7f8741cb01c8;  1 drivers
v0x5e2aca717aa0_0 .net *"_ivl_4", 15 0, L_0x5e2aca71ba40;  1 drivers
L_0x7f8741cb0210 .functor BUFT 1, C4<00000000>, C4<0>, C4<0>, C4<0>;
v0x5e2aca717b90_0 .net *"_ivl_7", 7 0, L_0x7f8741cb0210;  1 drivers
v0x5e2aca717c70_0 .net "a", 7 0, v0x5e2aca7188a0_0;  alias, 1 drivers
v0x5e2aca717da0_0 .net "b", 7 0, v0x5e2aca718fb0_0;  alias, 1 drivers
v0x5e2aca717e80_0 .net "product", 15 0, L_0x5e2aca71bb30;  alias, 1 drivers
L_0x5e2aca71b950 .concat [ 8 8 0 0], v0x5e2aca7188a0_0, L_0x7f8741cb01c8;
L_0x5e2aca71ba40 .concat [ 8 8 0 0], v0x5e2aca718fb0_0, L_0x7f8741cb0210;
L_0x5e2aca71bb30 .arith/mult 16, L_0x5e2aca71b950, L_0x5e2aca71ba40;
    .scope S_0x5e2aca6d3230;
T_0 ;
    %wait E_0x5e2aca6c01e0;
    %load/vec4 v0x5e2aca6e6c80_0;
    %flag_set/vec4 8;
    %jmp/0xz  T_0.0, 8;
    %pushi/vec4 0, 0, 16;
    %assign/vec4 v0x5e2aca6e5aa0_0, 0;
    %jmp T_0.1;
T_0.0 ;
    %load/vec4 v0x5e2aca6e87e0_0;
    %flag_set/vec4 9;
    %flag_get/vec4 9;
    %jmp/0 T_0.4, 9;
    %load/vec4 v0x5e2aca6e3e80_0;
    %and;
T_0.4;
    %flag_set/vec4 8;
    %jmp/0xz  T_0.2, 8;
    %load/vec4 v0x5e2aca6e5aa0_0;
    %load/vec4 v0x5e2aca6e99c0_0;
    %add;
    %assign/vec4 v0x5e2aca6e5aa0_0, 0;
T_0.2 ;
T_0.1 ;
    %jmp T_0;
    .thread T_0;
    .scope S_0x5e2aca6c4e00;
T_1 ;
    %wait E_0x5e2aca6c01e0;
    %load/vec4 v0x5e2aca710500_0;
    %flag_set/vec4 8;
    %jmp/0xz  T_1.0, 8;
    %pushi/vec4 0, 0, 8;
    %assign/vec4 v0x5e2aca7100a0_0, 0;
    %pushi/vec4 0, 0, 8;
    %assign/vec4 v0x5e2aca710960_0, 0;
    %pushi/vec4 0, 0, 8;
    %assign/vec4 v0x5e2aca70ffc0_0, 0;
    %pushi/vec4 0, 0, 8;
    %assign/vec4 v0x5e2aca710880_0, 0;
    %pushi/vec4 0, 0, 1;
    %assign/vec4 v0x5e2aca7106e0_0, 0;
    %jmp T_1.1;
T_1.0 ;
    %load/vec4 v0x5e2aca7102b0_0;
    %flag_set/vec4 8;
    %jmp/0xz  T_1.2, 8;
    %load/vec4 v0x5e2aca70fec0_0;
    %assign/vec4 v0x5e2aca7100a0_0, 0;
    %load/vec4 v0x5e2aca7107a0_0;
    %assign/vec4 v0x5e2aca710960_0, 0;
    %load/vec4 v0x5e2aca70fec0_0;
    %assign/vec4 v0x5e2aca70ffc0_0, 0;
    %load/vec4 v0x5e2aca7107a0_0;
    %assign/vec4 v0x5e2aca710880_0, 0;
    %load/vec4 v0x5e2aca7105f0_0;
    %assign/vec4 v0x5e2aca7106e0_0, 0;
T_1.2 ;
T_1.1 ;
    %jmp T_1;
    .thread T_1;
    .scope S_0x5e2aca711290;
T_2 ;
    %wait E_0x5e2aca6c01e0;
    %load/vec4 v0x5e2aca711810_0;
    %flag_set/vec4 8;
    %jmp/0xz  T_2.0, 8;
    %pushi/vec4 0, 0, 16;
    %assign/vec4 v0x5e2aca7118b0_0, 0;
    %jmp T_2.1;
T_2.0 ;
    %load/vec4 v0x5e2aca711770_0;
    %flag_set/vec4 9;
    %flag_get/vec4 9;
    %jmp/0 T_2.4, 9;
    %load/vec4 v0x5e2aca7119c0_0;
    %and;
T_2.4;
    %flag_set/vec4 8;
    %jmp/0xz  T_2.2, 8;
    %load/vec4 v0x5e2aca7118b0_0;
    %load/vec4 v0x5e2aca711690_0;
    %add;
    %assign/vec4 v0x5e2aca7118b0_0, 0;
T_2.2 ;
T_2.1 ;
    %jmp T_2;
    .thread T_2;
    .scope S_0x5e2aca710bc0;
T_3 ;
    %wait E_0x5e2aca6c01e0;
    %load/vec4 v0x5e2aca713100_0;
    %flag_set/vec4 8;
    %jmp/0xz  T_3.0, 8;
    %pushi/vec4 0, 0, 8;
    %assign/vec4 v0x5e2aca712d70_0, 0;
    %pushi/vec4 0, 0, 8;
    %assign/vec4 v0x5e2aca713550_0, 0;
    %pushi/vec4 0, 0, 8;
    %assign/vec4 v0x5e2aca712cb0_0, 0;
    %pushi/vec4 0, 0, 8;
    %assign/vec4 v0x5e2aca713470_0, 0;
    %pushi/vec4 0, 0, 1;
    %assign/vec4 v0x5e2aca713240_0, 0;
    %jmp T_3.1;
T_3.0 ;
    %load/vec4 v0x5e2aca712f00_0;
    %flag_set/vec4 8;
    %jmp/0xz  T_3.2, 8;
    %load/vec4 v0x5e2aca712bd0_0;
    %assign/vec4 v0x5e2aca712d70_0, 0;
    %load/vec4 v0x5e2aca713390_0;
    %assign/vec4 v0x5e2aca713550_0, 0;
    %load/vec4 v0x5e2aca712bd0_0;
    %assign/vec4 v0x5e2aca712cb0_0, 0;
    %load/vec4 v0x5e2aca713390_0;
    %assign/vec4 v0x5e2aca713470_0, 0;
    %load/vec4 v0x5e2aca7131a0_0;
    %assign/vec4 v0x5e2aca713240_0, 0;
T_3.2 ;
T_3.1 ;
    %jmp T_3;
    .thread T_3;
    .scope S_0x5e2aca713ef0;
T_4 ;
    %wait E_0x5e2aca6c01e0;
    %load/vec4 v0x5e2aca7144e0_0;
    %flag_set/vec4 8;
    %jmp/0xz  T_4.0, 8;
    %pushi/vec4 0, 0, 16;
    %assign/vec4 v0x5e2aca714580_0, 0;
    %jmp T_4.1;
T_4.0 ;
    %load/vec4 v0x5e2aca714410_0;
    %flag_set/vec4 9;
    %flag_get/vec4 9;
    %jmp/0 T_4.4, 9;
    %load/vec4 v0x5e2aca714690_0;
    %and;
T_4.4;
    %flag_set/vec4 8;
    %jmp/0xz  T_4.2, 8;
    %load/vec4 v0x5e2aca714580_0;
    %load/vec4 v0x5e2aca714330_0;
    %add;
    %assign/vec4 v0x5e2aca714580_0, 0;
T_4.2 ;
T_4.1 ;
    %jmp T_4;
    .thread T_4;
    .scope S_0x5e2aca7137b0;
T_5 ;
    %wait E_0x5e2aca6c01e0;
    %load/vec4 v0x5e2aca715ec0_0;
    %flag_set/vec4 8;
    %jmp/0xz  T_5.0, 8;
    %pushi/vec4 0, 0, 8;
    %assign/vec4 v0x5e2aca715b30_0, 0;
    %pushi/vec4 0, 0, 8;
    %assign/vec4 v0x5e2aca716350_0, 0;
    %pushi/vec4 0, 0, 8;
    %assign/vec4 v0x5e2aca715a50_0, 0;
    %pushi/vec4 0, 0, 8;
    %assign/vec4 v0x5e2aca716290_0, 0;
    %pushi/vec4 0, 0, 1;
    %assign/vec4 v0x5e2aca716110_0, 0;
    %jmp T_5.1;
T_5.0 ;
    %load/vec4 v0x5e2aca715cc0_0;
    %flag_set/vec4 8;
    %jmp/0xz  T_5.2, 8;
    %load/vec4 v0x5e2aca715950_0;
    %assign/vec4 v0x5e2aca715b30_0, 0;
    %load/vec4 v0x5e2aca7161d0_0;
    %assign/vec4 v0x5e2aca716350_0, 0;
    %load/vec4 v0x5e2aca715950_0;
    %assign/vec4 v0x5e2aca715a50_0, 0;
    %load/vec4 v0x5e2aca7161d0_0;
    %assign/vec4 v0x5e2aca716290_0, 0;
    %load/vec4 v0x5e2aca716070_0;
    %assign/vec4 v0x5e2aca716110_0, 0;
T_5.2 ;
T_5.1 ;
    %jmp T_5;
    .thread T_5;
    .scope S_0x5e2aca716c80;
T_6 ;
    %wait E_0x5e2aca6c01e0;
    %load/vec4 v0x5e2aca717270_0;
    %flag_set/vec4 8;
    %jmp/0xz  T_6.0, 8;
    %pushi/vec4 0, 0, 16;
    %assign/vec4 v0x5e2aca717310_0, 0;
    %jmp T_6.1;
T_6.0 ;
    %load/vec4 v0x5e2aca7171a0_0;
    %flag_set/vec4 9;
    %flag_get/vec4 9;
    %jmp/0 T_6.4, 9;
    %load/vec4 v0x5e2aca717420_0;
    %and;
T_6.4;
    %flag_set/vec4 8;
    %jmp/0xz  T_6.2, 8;
    %load/vec4 v0x5e2aca717310_0;
    %load/vec4 v0x5e2aca7170c0_0;
    %add;
    %assign/vec4 v0x5e2aca717310_0, 0;
T_6.2 ;
T_6.1 ;
    %jmp T_6;
    .thread T_6;
    .scope S_0x5e2aca7165b0;
T_7 ;
    %wait E_0x5e2aca6c01e0;
    %load/vec4 v0x5e2aca718c30_0;
    %flag_set/vec4 8;
    %jmp/0xz  T_7.0, 8;
    %pushi/vec4 0, 0, 8;
    %assign/vec4 v0x5e2aca7188a0_0, 0;
    %pushi/vec4 0, 0, 8;
    %assign/vec4 v0x5e2aca718fb0_0, 0;
    %pushi/vec4 0, 0, 8;
    %assign/vec4 v0x5e2aca7187e0_0, 0;
    %pushi/vec4 0, 0, 8;
    %assign/vec4 v0x5e2aca718ef0_0, 0;
    %pushi/vec4 0, 0, 1;
    %assign/vec4 v0x5e2aca718d70_0, 0;
    %jmp T_7.1;
T_7.0 ;
    %load/vec4 v0x5e2aca718a30_0;
    %flag_set/vec4 8;
    %jmp/0xz  T_7.2, 8;
    %load/vec4 v0x5e2aca718700_0;
    %assign/vec4 v0x5e2aca7188a0_0, 0;
    %load/vec4 v0x5e2aca718e30_0;
    %assign/vec4 v0x5e2aca718fb0_0, 0;
    %load/vec4 v0x5e2aca718700_0;
    %assign/vec4 v0x5e2aca7187e0_0, 0;
    %load/vec4 v0x5e2aca718e30_0;
    %assign/vec4 v0x5e2aca718ef0_0, 0;
    %load/vec4 v0x5e2aca718cd0_0;
    %assign/vec4 v0x5e2aca718d70_0, 0;
T_7.2 ;
T_7.1 ;
    %jmp T_7;
    .thread T_7;
    .scope S_0x5e2aca6c1bf0;
T_8 ;
    %delay 5000, 0;
    %load/vec4 v0x5e2aca71a620_0;
    %inv;
    %store/vec4 v0x5e2aca71a620_0, 0, 1;
    %jmp T_8;
    .thread T_8;
    .scope S_0x5e2aca6c1bf0;
T_9 ;
    %vpi_call/w 3 78 "$dumpfile", "./verification/waveform/systolic_array_2x2.vcd" {0 0 0};
    %vpi_call/w 3 79 "$dumpvars", 32'sb00000000000000000000000000000000, S_0x5e2aca685490 {0 0 0};
    %end;
    .thread T_9;
    .scope S_0x5e2aca6c1bf0;
T_10 ;
    %vpi_call/w 3 90 "$monitor", "Time=%0t | V=%b | A0=%d A1=%d | W0=%d W1=%d || SUM00=%d SUM01=%d SUM10=%d SUM11=%d", $time, v0x5e2aca71aea0_0, v0x5e2aca71a3e0_0, v0x5e2aca71a510_0, v0x5e2aca71af40_0, v0x5e2aca71afe0_0, v0x5e2aca71a760_0, v0x5e2aca71a850_0, v0x5e2aca71a9a0_0, v0x5e2aca71aaf0_0 {0 0 0};
    %end;
    .thread T_10;
    .scope S_0x5e2aca6c1bf0;
T_11 ;
    %pushi/vec4 0, 0, 1;
    %store/vec4 v0x5e2aca71a620_0, 0, 1;
    %pushi/vec4 1, 0, 1;
    %store/vec4 v0x5e2aca71ac40_0, 0, 1;
    %pushi/vec4 0, 0, 1;
    %store/vec4 v0x5e2aca71a6c0_0, 0, 1;
    %pushi/vec4 0, 0, 1;
    %store/vec4 v0x5e2aca71ad70_0, 0, 1;
    %pushi/vec4 0, 0, 8;
    %store/vec4 v0x5e2aca71a3e0_0, 0, 8;
    %pushi/vec4 0, 0, 8;
    %store/vec4 v0x5e2aca71a510_0, 0, 8;
    %pushi/vec4 0, 0, 8;
    %store/vec4 v0x5e2aca71af40_0, 0, 8;
    %pushi/vec4 0, 0, 8;
    %store/vec4 v0x5e2aca71afe0_0, 0, 8;
    %delay 20000, 0;
    %pushi/vec4 0, 0, 1;
    %store/vec4 v0x5e2aca71ac40_0, 0, 1;
    %pushi/vec4 1, 0, 1;
    %store/vec4 v0x5e2aca71a6c0_0, 0, 1;
    %pushi/vec4 1, 0, 1;
    %store/vec4 v0x5e2aca71ad70_0, 0, 1;
    %pushi/vec4 2, 0, 8;
    %store/vec4 v0x5e2aca71a3e0_0, 0, 8;
    %pushi/vec4 4, 0, 8;
    %store/vec4 v0x5e2aca71a510_0, 0, 8;
    %pushi/vec4 3, 0, 8;
    %store/vec4 v0x5e2aca71af40_0, 0, 8;
    %pushi/vec4 5, 0, 8;
    %store/vec4 v0x5e2aca71afe0_0, 0, 8;
    %delay 10000, 0;
    %pushi/vec4 6, 0, 8;
    %store/vec4 v0x5e2aca71a3e0_0, 0, 8;
    %pushi/vec4 8, 0, 8;
    %store/vec4 v0x5e2aca71a510_0, 0, 8;
    %pushi/vec4 7, 0, 8;
    %store/vec4 v0x5e2aca71af40_0, 0, 8;
    %pushi/vec4 9, 0, 8;
    %store/vec4 v0x5e2aca71afe0_0, 0, 8;
    %delay 10000, 0;
    %pushi/vec4 10, 0, 8;
    %store/vec4 v0x5e2aca71a3e0_0, 0, 8;
    %pushi/vec4 12, 0, 8;
    %store/vec4 v0x5e2aca71a510_0, 0, 8;
    %pushi/vec4 11, 0, 8;
    %store/vec4 v0x5e2aca71af40_0, 0, 8;
    %pushi/vec4 13, 0, 8;
    %store/vec4 v0x5e2aca71afe0_0, 0, 8;
    %delay 10000, 0;
    %pushi/vec4 0, 0, 1;
    %store/vec4 v0x5e2aca71ad70_0, 0, 1;
    %delay 100000, 0;
    %vpi_call/w 3 184 "$finish" {0 0 0};
    %end;
    .thread T_11;
# The file index is used to find the file name in the following table.
:file_names 9;
    "N/A";
    "<interactive>";
    "-";
    "verification/testbench/systolic_tb.v";
    "rtl/parameterized/systolic.v";
    "rtl/basic/pe_1.v";
    "rtl/basic/mac.v";
    "rtl/basic/accumulator.v";
    "rtl/basic/multiplier.v";
